<?xml version="1.0" encoding="UTF-8"?>
<!-- Generated by org.testng.reporters.JUnitReportReporter -->
<testsuite hostname="Uvarajashanmugams-MacBook-Pro.local" failures="0" tests="1" name="pageObject.LoggerTest" time="0.414" errors="0" timestamp="2023-03-15T22:35:23 EDT" skipped="0">
  <testcase classname="pageObject.LoggerTest" name="testinglog" time="0.414"/>
  <system-out/>
</testsuite> <!-- pageObject.LoggerTest -->
