<?xml version="1.0" encoding="UTF-8"?>
<!-- Generated by org.testng.reporters.JUnitReportReporter -->
<testsuite hostname="Uvarajashanmugams-MacBook-Pro.local" failures="0" tests="44" name="testCases.testCase" time="142.183" errors="2" timestamp="2023-04-02T15:28:20 EDT" skipped="0">
  <testcase classname="testCases.testCase" name="homepage" time="1.685"/>
  <system-out/>
  <testcase classname="testCases.testCase" name="homepage" time="1.503"/>
  <system-out/>
  <testcase classname="testCases.testCase" name="RegisterPage" time="4.161">
    <error message="no such element: Unable to locate element: {&quot;method&quot;:&quot;xpath&quot;,&quot;selector&quot;:&quot;//a[text()=&#039;Sign out&#039;]&quot;}
  (Session info: chrome=111.0.5563.146)
For documentation on this error, please visit: https://selenium.dev/exceptions/#no_such_element
Build info: version: &#039;4.8.0&#039;, revision: &#039;267030adea&#039;
System info: os.name: &#039;Mac OS X&#039;, os.arch: &#039;x86_64&#039;, os.version: &#039;12.0.1&#039;, java.version: &#039;19.0.1&#039;
Driver info: org.openqa.selenium.chrome.ChromeDriver
Command: [16d7c926cb27ee85a41bdf4af0d06a61, findElement {using=xpath, value=//a[text()=&#039;Sign out&#039;]}]
Capabilities {acceptInsecureCerts: false, browserName: chrome, browserVersion: 111.0.5563.146, chrome: {chromedriverVersion: 111.0.5563.64 (c710e93d5b63..., userDataDir: /var/folders/9x/bfy4ys6j4vn...}, goog:chromeOptions: {debuggerAddress: localhost:61054}, networkConnectionEnabled: false, pageLoadStrategy: normal, platformName: MAC, proxy: Proxy(), se:cdp: ws://localhost:61054/devtoo..., se:cdpVersion: 111.0.5563.146, setWindowRect: true, strictFileInteractability: false, timeouts: {implicit: 0, pageLoad: 300000, script: 30000}, unhandledPromptBehavior: dismiss and notify, webauthn:extension:credBlob: true, webauthn:extension:largeBlob: true, webauthn:extension:minPinLength: true, webauthn:extension:prf: true, webauthn:virtualAuthenticators: true}
Session ID: 16d7c926cb27ee85a41bdf4af0d06a61" type="org.openqa.selenium.NoSuchElementException">
      <![CDATA[org.openqa.selenium.NoSuchElementException: no such element: Unable to locate element: {"method":"xpath","selector":"//a[text()='Sign out']"}
  (Session info: chrome=111.0.5563.146)
For documentation on this error, please visit: https://selenium.dev/exceptions/#no_such_element
Build info: version: '4.8.0', revision: '267030adea'
System info: os.name: 'Mac OS X', os.arch: 'x86_64', os.version: '12.0.1', java.version: '19.0.1'
Driver info: org.openqa.selenium.chrome.ChromeDriver
Command: [16d7c926cb27ee85a41bdf4af0d06a61, findElement {using=xpath, value=//a[text()='Sign out']}]
Capabilities {acceptInsecureCerts: false, browserName: chrome, browserVersion: 111.0.5563.146, chrome: {chromedriverVersion: 111.0.5563.64 (c710e93d5b63..., userDataDir: /var/folders/9x/bfy4ys6j4vn...}, goog:chromeOptions: {debuggerAddress: localhost:61054}, networkConnectionEnabled: false, pageLoadStrategy: normal, platformName: MAC, proxy: Proxy(), se:cdp: ws://localhost:61054/devtoo..., se:cdpVersion: 111.0.5563.146, setWindowRect: true, strictFileInteractability: false, timeouts: {implicit: 0, pageLoad: 300000, script: 30000}, unhandledPromptBehavior: dismiss and notify, webauthn:extension:credBlob: true, webauthn:extension:largeBlob: true, webauthn:extension:minPinLength: true, webauthn:extension:prf: true, webauthn:virtualAuthenticators: true}
Session ID: 16d7c926cb27ee85a41bdf4af0d06a61
at java.base/jdk.internal.reflect.DirectConstructorHandleAccessor.newInstance(DirectConstructorHandleAccessor.java:67)
at java.base/java.lang.reflect.Constructor.newInstanceWithCaller(Constructor.java:500)
at java.base/java.lang.reflect.Constructor.newInstance(Constructor.java:484)
at org.openqa.selenium.remote.codec.w3c.W3CHttpResponseCodec.createException(W3CHttpResponseCodec.java:200)
at org.openqa.selenium.remote.codec.w3c.W3CHttpResponseCodec.decode(W3CHttpResponseCodec.java:133)
at org.openqa.selenium.remote.codec.w3c.W3CHttpResponseCodec.decode(W3CHttpResponseCodec.java:53)
at org.openqa.selenium.remote.HttpCommandExecutor.execute(HttpCommandExecutor.java:184)
at org.openqa.selenium.remote.service.DriverCommandExecutor.invokeExecute(DriverCommandExecutor.java:167)
at org.openqa.selenium.remote.service.DriverCommandExecutor.execute(DriverCommandExecutor.java:142)
at org.openqa.selenium.remote.RemoteWebDriver.execute(RemoteWebDriver.java:543)
at org.openqa.selenium.remote.ElementLocation$ElementFinder$2.findElement(ElementLocation.java:162)
at org.openqa.selenium.remote.ElementLocation.findElement(ElementLocation.java:60)
at org.openqa.selenium.remote.RemoteWebDriver.findElement(RemoteWebDriver.java:352)
at org.openqa.selenium.remote.RemoteWebDriver.findElement(RemoteWebDriver.java:344)
at pageObject.RegisterPage.Register(RegisterPage.java:70)
at testCases.testCase.RegisterPage(testCase.java:70)
at java.base/jdk.internal.reflect.DirectMethodHandleAccessor.invoke(DirectMethodHandleAccessor.java:104)
at java.base/java.lang.reflect.Method.invoke(Method.java:578)
at org.testng.internal.MethodInvocationHelper.invokeMethod(MethodInvocationHelper.java:133)
at org.testng.internal.TestInvoker.invokeMethod(TestInvoker.java:598)
at org.testng.internal.TestInvoker.invokeTestMethod(TestInvoker.java:173)
at org.testng.internal.MethodRunner.runInSequence(MethodRunner.java:46)
at org.testng.internal.TestInvoker$MethodInvocationAgent.invoke(TestInvoker.java:824)
at org.testng.internal.TestInvoker.invokeTestMethods(TestInvoker.java:146)
at org.testng.internal.TestMethodWorker.invokeTestMethods(TestMethodWorker.java:146)
at org.testng.internal.TestMethodWorker.run(TestMethodWorker.java:128)
at java.base/java.util.ArrayList.forEach(ArrayList.java:1511)
at org.testng.TestRunner.privateRun(TestRunner.java:794)
at org.testng.TestRunner.run(TestRunner.java:596)
at org.testng.SuiteRunner.runTest(SuiteRunner.java:377)
at org.testng.SuiteRunner.access$000(SuiteRunner.java:28)
at org.testng.SuiteRunner$SuiteWorker.run(SuiteRunner.java:418)
at org.testng.internal.thread.ThreadUtil.lambda$execute$0(ThreadUtil.java:64)
at java.base/java.util.concurrent.FutureTask.run(FutureTask.java:317)
at java.base/java.util.concurrent.ThreadPoolExecutor.runWorker(ThreadPoolExecutor.java:1144)
at java.base/java.util.concurrent.ThreadPoolExecutor$Worker.run(ThreadPoolExecutor.java:642)
at java.base/java.lang.Thread.run(Thread.java:1589)
]]>
    </error>
  </testcase> <!-- RegisterPage -->
  <system-out/>
  <testcase classname="testCases.testCase" name="RegisterPage" time="3.377">
    <error message="Unable to locate element: //a[text()=&#039;Sign out&#039;]
For documentation on this error, please visit: https://selenium.dev/exceptions/#no_such_element
Build info: version: &#039;4.8.0&#039;, revision: &#039;267030adea&#039;
System info: os.name: &#039;Mac OS X&#039;, os.arch: &#039;x86_64&#039;, os.version: &#039;12.0.1&#039;, java.version: &#039;19.0.1&#039;
Driver info: org.openqa.selenium.firefox.FirefoxDriver
Command: [a9bcdd16-413e-4aa7-9ddc-3adad388c133, findElement {using=xpath, value=//a[text()=&#039;Sign out&#039;]}]
Capabilities {acceptInsecureCerts: true, browserName: firefox, browserVersion: 111.0.1, moz:accessibilityChecks: false, moz:buildID: 20230321111920, moz:debuggerAddress: 127.0.0.1:42350, moz:geckodriverVersion: 0.32.2, moz:headless: false, moz:platformVersion: 21.1.0, moz:processID: 10419, moz:profile: /var/folders/9x/bfy4ys6j4vn..., moz:shutdownTimeout: 60000, moz:useNonSpecCompliantPointerOrigin: false, moz:webdriverClick: true, moz:windowless: false, pageLoadStrategy: normal, platformName: MAC, proxy: Proxy(), se:cdp: ws://127.0.0.1:42350/devtoo..., se:cdpVersion: 85.0, setWindowRect: true, strictFileInteractability: false, timeouts: {implicit: 0, pageLoad: 300000, script: 30000}, unhandledPromptBehavior: dismiss and notify}
Session ID: a9bcdd16-413e-4aa7-9ddc-3adad388c133" type="org.openqa.selenium.NoSuchElementException">
      <![CDATA[org.openqa.selenium.NoSuchElementException: Unable to locate element: //a[text()='Sign out']
For documentation on this error, please visit: https://selenium.dev/exceptions/#no_such_element
Build info: version: '4.8.0', revision: '267030adea'
System info: os.name: 'Mac OS X', os.arch: 'x86_64', os.version: '12.0.1', java.version: '19.0.1'
Driver info: org.openqa.selenium.firefox.FirefoxDriver
Command: [a9bcdd16-413e-4aa7-9ddc-3adad388c133, findElement {using=xpath, value=//a[text()='Sign out']}]
Capabilities {acceptInsecureCerts: true, browserName: firefox, browserVersion: 111.0.1, moz:accessibilityChecks: false, moz:buildID: 20230321111920, moz:debuggerAddress: 127.0.0.1:42350, moz:geckodriverVersion: 0.32.2, moz:headless: false, moz:platformVersion: 21.1.0, moz:processID: 10419, moz:profile: /var/folders/9x/bfy4ys6j4vn..., moz:shutdownTimeout: 60000, moz:useNonSpecCompliantPointerOrigin: false, moz:webdriverClick: true, moz:windowless: false, pageLoadStrategy: normal, platformName: MAC, proxy: Proxy(), se:cdp: ws://127.0.0.1:42350/devtoo..., se:cdpVersion: 85.0, setWindowRect: true, strictFileInteractability: false, timeouts: {implicit: 0, pageLoad: 300000, script: 30000}, unhandledPromptBehavior: dismiss and notify}
Session ID: a9bcdd16-413e-4aa7-9ddc-3adad388c133
at java.base/jdk.internal.reflect.DirectConstructorHandleAccessor.newInstance(DirectConstructorHandleAccessor.java:67)
at java.base/java.lang.reflect.Constructor.newInstanceWithCaller(Constructor.java:500)
at java.base/java.lang.reflect.Constructor.newInstance(Constructor.java:484)
at org.openqa.selenium.remote.codec.w3c.W3CHttpResponseCodec.createException(W3CHttpResponseCodec.java:200)
at org.openqa.selenium.remote.codec.w3c.W3CHttpResponseCodec.decode(W3CHttpResponseCodec.java:133)
at org.openqa.selenium.remote.codec.w3c.W3CHttpResponseCodec.decode(W3CHttpResponseCodec.java:53)
at org.openqa.selenium.remote.HttpCommandExecutor.execute(HttpCommandExecutor.java:184)
at org.openqa.selenium.remote.service.DriverCommandExecutor.invokeExecute(DriverCommandExecutor.java:167)
at org.openqa.selenium.remote.service.DriverCommandExecutor.execute(DriverCommandExecutor.java:142)
at org.openqa.selenium.remote.RemoteWebDriver.execute(RemoteWebDriver.java:543)
at org.openqa.selenium.remote.ElementLocation$ElementFinder$2.findElement(ElementLocation.java:162)
at org.openqa.selenium.remote.ElementLocation.findElement(ElementLocation.java:60)
at org.openqa.selenium.remote.RemoteWebDriver.findElement(RemoteWebDriver.java:352)
at org.openqa.selenium.remote.RemoteWebDriver.findElement(RemoteWebDriver.java:344)
at pageObject.RegisterPage.Register(RegisterPage.java:70)
at testCases.testCase.RegisterPage(testCase.java:70)
at java.base/jdk.internal.reflect.DirectMethodHandleAccessor.invoke(DirectMethodHandleAccessor.java:104)
at java.base/java.lang.reflect.Method.invoke(Method.java:578)
at org.testng.internal.MethodInvocationHelper.invokeMethod(MethodInvocationHelper.java:133)
at org.testng.internal.TestInvoker.invokeMethod(TestInvoker.java:598)
at org.testng.internal.TestInvoker.invokeTestMethod(TestInvoker.java:173)
at org.testng.internal.MethodRunner.runInSequence(MethodRunner.java:46)
at org.testng.internal.TestInvoker$MethodInvocationAgent.invoke(TestInvoker.java:824)
at org.testng.internal.TestInvoker.invokeTestMethods(TestInvoker.java:146)
at org.testng.internal.TestMethodWorker.invokeTestMethods(TestMethodWorker.java:146)
at org.testng.internal.TestMethodWorker.run(TestMethodWorker.java:128)
at java.base/java.util.ArrayList.forEach(ArrayList.java:1511)
at org.testng.TestRunner.privateRun(TestRunner.java:794)
at org.testng.TestRunner.run(TestRunner.java:596)
at org.testng.SuiteRunner.runTest(SuiteRunner.java:377)
at org.testng.SuiteRunner.access$000(SuiteRunner.java:28)
at org.testng.SuiteRunner$SuiteWorker.run(SuiteRunner.java:418)
at org.testng.internal.thread.ThreadUtil.lambda$execute$0(ThreadUtil.java:64)
at java.base/java.util.concurrent.FutureTask.run(FutureTask.java:317)
at java.base/java.util.concurrent.ThreadPoolExecutor.runWorker(ThreadPoolExecutor.java:1144)
at java.base/java.util.concurrent.ThreadPoolExecutor$Worker.run(ThreadPoolExecutor.java:642)
at java.base/java.lang.Thread.run(Thread.java:1589)
]]>
    </error>
  </testcase> <!-- RegisterPage -->
  <system-out/>
  <testcase classname="testCases.testCase" name="login" time="0.454"/>
  <system-out/>
  <testcase classname="testCases.testCase" name="login" time="0.303"/>
  <system-out/>
  <testcase classname="testCases.testCase" name="login" time="0.483"/>
  <system-out/>
  <testcase classname="testCases.testCase" name="login" time="0.416"/>
  <system-out/>
  <testcase classname="testCases.testCase" name="login" time="0.312"/>
  <system-out/>
  <testcase classname="testCases.testCase" name="login" time="0.557"/>
  <system-out/>
  <testcase classname="testCases.testCase" name="login" time="0.511"/>
  <system-out/>
  <testcase classname="testCases.testCase" name="login" time="0.492"/>
  <system-out/>
  <testcase classname="testCases.testCase" name="DataStructure" time="0.751"/>
  <system-out/>
  <testcase classname="testCases.testCase" name="DataStructure" time="1.321"/>
  <system-out/>
  <testcase classname="testCases.testCase" name="DataStructure" time="1.424"/>
  <system-out/>
  <testcase classname="testCases.testCase" name="DataStructure" time="1.105"/>
  <system-out/>
  <testcase classname="testCases.testCase" name="Array" time="3.996"/>
  <system-out/>
  <testcase classname="testCases.testCase" name="Array" time="3.438"/>
  <system-out/>
  <testcase classname="testCases.testCase" name="Array" time="3.642"/>
  <system-out/>
  <testcase classname="testCases.testCase" name="Array" time="2.636"/>
  <system-out/>
  <testcase classname="testCases.testCase" name="ArrayPQ" time="2.465"/>
  <system-out/>
  <testcase classname="testCases.testCase" name="ArrayPQ" time="2.595"/>
  <system-out/>
  <testcase classname="testCases.testCase" name="ArrayPQ" time="2.670"/>
  <system-out/>
  <testcase classname="testCases.testCase" name="ArrayPQ" time="1.987"/>
  <system-out/>
  <testcase classname="testCases.testCase" name="LinkedList" time="6.953"/>
  <system-out/>
  <testcase classname="testCases.testCase" name="LinkedList" time="4.870"/>
  <system-out/>
  <testcase classname="testCases.testCase" name="LinkedList" time="5.846"/>
  <system-out/>
  <testcase classname="testCases.testCase" name="LinkedList" time="6.262"/>
  <system-out/>
  <testcase classname="testCases.testCase" name="queue" time="2.556"/>
  <system-out/>
  <testcase classname="testCases.testCase" name="queue" time="4.338"/>
  <system-out/>
  <testcase classname="testCases.testCase" name="queue" time="3.338"/>
  <system-out/>
  <testcase classname="testCases.testCase" name="queue" time="3.735"/>
  <system-out/>
  <testcase classname="testCases.testCase" name="graph" time="2.129"/>
  <system-out/>
  <testcase classname="testCases.testCase" name="graph" time="2.180"/>
  <system-out/>
  <testcase classname="testCases.testCase" name="graph" time="1.757"/>
  <system-out/>
  <testcase classname="testCases.testCase" name="graph" time="2.344"/>
  <system-out/>
  <testcase classname="testCases.testCase" name="tree" time="11.299"/>
  <system-out/>
  <testcase classname="testCases.testCase" name="tree" time="11.849"/>
  <system-out/>
  <testcase classname="testCases.testCase" name="tree" time="12.047"/>
  <system-out/>
  <testcase classname="testCases.testCase" name="tree" time="7.943"/>
  <system-out/>
  <testcase classname="testCases.testCase" name="stack" time="1.930"/>
  <system-out/>
  <testcase classname="testCases.testCase" name="stack" time="2.868"/>
  <system-out/>
  <testcase classname="testCases.testCase" name="stack" time="2.702"/>
  <system-out/>
  <testcase classname="testCases.testCase" name="stack" time="2.953"/>
  <system-out/>
</testsuite> <!-- testCases.testCase -->
