<?xml version="1.0" encoding="UTF-8"?>
<!-- Generated by org.testng.reporters.JUnitReportReporter -->
<testsuite hostname="Uvarajashanmugams-MacBook-Pro.local" failures="0" tests="1" name="pageObject.RegisterPage" time="3.181" errors="0" timestamp="2023-03-03T17:53:37 EST" skipped="0">
  <testcase classname="pageObject.RegisterPage" name="setupApplication" time="3.181"/>
  <system-out/>
</testsuite> <!-- pageObject.RegisterPage -->
